{"level":"info","message":"Database connection has been established successfully.","service":"daodao-backend","timestamp":"2025-11-18 16:16:05"}
{"level":"info","message":"Database synchronized successfully.","service":"daodao-backend","timestamp":"2025-11-18 16:16:05"}
{"level":"info","message":"Database connected successfully","service":"daodao-backend","timestamp":"2025-11-18 16:16:05"}
{"level":"info","message":"Redis client connected","service":"daodao-backend","timestamp":"2025-11-18 16:16:05"}
{"level":"info","message":"Redis client ready","service":"daodao-backend","timestamp":"2025-11-18 16:16:05"}
{"level":"info","message":"Redis connected successfully","service":"daodao-backend","timestamp":"2025-11-18 16:16:05"}
{"level":"info","message":"Server is running on port 3000 in development mode","service":"daodao-backend","timestamp":"2025-11-18 16:16:05"}
{"ip":"::1","level":"info","message":"GET /test","service":"daodao-backend","timestamp":"2025-11-18 16:23:59","userAgent":"curl/8.16.0"}
{"ip":"::1","level":"info","message":"GET /test","service":"daodao-backend","timestamp":"2025-11-18 17:58:43","userAgent":"curl/8.16.0"}
{"level":"info","message":"Database connection has been established successfully.","service":"daodao-backend","timestamp":"2025-11-18 22:30:01"}
{"level":"info","message":"Database connection has been established successfully.","service":"daodao-backend","timestamp":"2025-11-18 22:30:01"}
{"level":"info","message":"Database models initialized successfully.","service":"daodao-backend","timestamp":"2025-11-18 22:30:01"}
{"level":"info","message":"Database connected successfully","service":"daodao-backend","timestamp":"2025-11-18 22:30:01"}
{"level":"info","message":"Redis client connected","service":"daodao-backend","timestamp":"2025-11-18 22:30:01"}
{"level":"info","message":"Database connection has been established successfully.","service":"daodao-backend","timestamp":"2025-11-18 22:30:01"}
{"level":"info","message":"Redis client ready","service":"daodao-backend","timestamp":"2025-11-18 22:30:01"}
{"level":"info","message":"Database models initialized successfully.","service":"daodao-backend","timestamp":"2025-11-18 22:30:01"}
{"level":"info","message":"Database connected successfully","service":"daodao-backend","timestamp":"2025-11-18 22:30:01"}
{"level":"info","message":"Redis client connected","service":"daodao-backend","timestamp":"2025-11-18 22:30:01"}
{"level":"info","message":"Redis connected successfully","service":"daodao-backend","timestamp":"2025-11-18 22:30:01"}
{"level":"info","message":"Server is running on port 3000 in development mode","service":"daodao-backend","timestamp":"2025-11-18 22:30:01"}
{"level":"info","message":"Redis client ready","service":"daodao-backend","timestamp":"2025-11-18 22:30:01"}
{"level":"info","message":"Database models initialized successfully.","service":"daodao-backend","timestamp":"2025-11-18 22:30:01"}
{"level":"info","message":"Database connected successfully","service":"daodao-backend","timestamp":"2025-11-18 22:30:01"}
{"level":"info","message":"Redis client connected","service":"daodao-backend","timestamp":"2025-11-18 22:30:01"}
{"level":"info","message":"Redis client ready","service":"daodao-backend","timestamp":"2025-11-18 22:30:01"}
{"level":"info","message":"Database connection has been established successfully.","service":"daodao-backend","timestamp":"2025-11-18 22:30:01"}
{"level":"info","message":"Database models initialized successfully.","service":"daodao-backend","timestamp":"2025-11-18 22:30:01"}
{"level":"info","message":"Database connected successfully","service":"daodao-backend","timestamp":"2025-11-18 22:30:01"}
{"level":"info","message":"Redis client connected","service":"daodao-backend","timestamp":"2025-11-18 22:30:01"}
{"level":"info","message":"Redis client ready","service":"daodao-backend","timestamp":"2025-11-18 22:30:01"}
{"level":"info","message":"Database connection has been established successfully.","service":"daodao-backend","timestamp":"2025-11-18 22:31:10"}
{"level":"info","message":"Database models initialized successfully.","service":"daodao-backend","timestamp":"2025-11-18 22:31:10"}
{"level":"info","message":"Database connected successfully","service":"daodao-backend","timestamp":"2025-11-18 22:31:10"}
{"level":"info","message":"Redis client connected","service":"daodao-backend","timestamp":"2025-11-18 22:31:10"}
{"level":"info","message":"Redis client ready","service":"daodao-backend","timestamp":"2025-11-18 22:31:10"}
{"level":"info","message":"Database connection has been established successfully.","service":"daodao-backend","timestamp":"2025-11-18 22:32:22"}
{"level":"info","message":"Database models initialized successfully.","service":"daodao-backend","timestamp":"2025-11-18 22:32:22"}
{"level":"info","message":"Database connected successfully","service":"daodao-backend","timestamp":"2025-11-18 22:32:22"}
{"level":"info","message":"Redis client connected","service":"daodao-backend","timestamp":"2025-11-18 22:32:22"}
{"level":"info","message":"Redis client ready","service":"daodao-backend","timestamp":"2025-11-18 22:32:22"}
{"level":"info","message":"Redis connected successfully","service":"daodao-backend","timestamp":"2025-11-18 22:32:22"}
{"level":"info","message":"Server is running on port 3000 in development mode","service":"daodao-backend","timestamp":"2025-11-18 22:32:22"}
{"ip":"::1","level":"info","message":"POST /auth/login","service":"daodao-backend","timestamp":"2025-11-18 22:34:26","userAgent":"Mozilla/5.0 (Windows NT; Windows NT 10.0; zh-CN) WindowsPowerShell/5.1.26100.1591"}
{"level":"info","message":"Database connection has been established successfully.","service":"daodao-backend","timestamp":"2025-11-18 22:36:16"}
{"level":"info","message":"Database connection has been established successfully.","service":"daodao-backend","timestamp":"2025-11-18 22:36:16"}
{"level":"info","message":"Database connection has been established successfully.","service":"daodao-backend","timestamp":"2025-11-18 22:36:16"}
{"level":"info","message":"Database connection has been established successfully.","service":"daodao-backend","timestamp":"2025-11-18 22:36:16"}
{"level":"info","message":"Database models initialized successfully.","service":"daodao-backend","timestamp":"2025-11-18 22:36:16"}
{"level":"info","message":"Database connected successfully","service":"daodao-backend","timestamp":"2025-11-18 22:36:16"}
{"level":"info","message":"Database models initialized successfully.","service":"daodao-backend","timestamp":"2025-11-18 22:36:16"}
{"level":"info","message":"Database connected successfully","service":"daodao-backend","timestamp":"2025-11-18 22:36:16"}
{"level":"info","message":"Redis client connected","service":"daodao-backend","timestamp":"2025-11-18 22:36:16"}
{"level":"info","message":"Redis client connected","service":"daodao-backend","timestamp":"2025-11-18 22:36:16"}
{"level":"info","message":"Database models initialized successfully.","service":"daodao-backend","timestamp":"2025-11-18 22:36:16"}
{"level":"info","message":"Database connected successfully","service":"daodao-backend","timestamp":"2025-11-18 22:36:16"}
{"level":"info","message":"Database models initialized successfully.","service":"daodao-backend","timestamp":"2025-11-18 22:36:16"}
{"level":"info","message":"Database connected successfully","service":"daodao-backend","timestamp":"2025-11-18 22:36:16"}
{"level":"info","message":"Redis client connected","service":"daodao-backend","timestamp":"2025-11-18 22:36:16"}
{"level":"info","message":"Redis client connected","service":"daodao-backend","timestamp":"2025-11-18 22:36:16"}
{"level":"info","message":"Redis client ready","service":"daodao-backend","timestamp":"2025-11-18 22:36:16"}
{"level":"info","message":"Redis client ready","service":"daodao-backend","timestamp":"2025-11-18 22:36:16"}
{"level":"info","message":"Redis client ready","service":"daodao-backend","timestamp":"2025-11-18 22:36:16"}
{"level":"info","message":"Redis connected successfully","service":"daodao-backend","timestamp":"2025-11-18 22:36:16"}
{"level":"info","message":"Server is running on port 3000 in development mode","service":"daodao-backend","timestamp":"2025-11-18 22:36:16"}
{"level":"info","message":"Redis client ready","service":"daodao-backend","timestamp":"2025-11-18 22:36:16"}
{"level":"info","message":"Database connection has been established successfully.","service":"daodao-backend","timestamp":"2025-11-18 22:36:17"}
{"level":"info","message":"Database models initialized successfully.","service":"daodao-backend","timestamp":"2025-11-18 22:36:17"}
{"level":"info","message":"Database connected successfully","service":"daodao-backend","timestamp":"2025-11-18 22:36:17"}
{"level":"info","message":"Redis client connected","service":"daodao-backend","timestamp":"2025-11-18 22:36:17"}
{"level":"info","message":"Redis client ready","service":"daodao-backend","timestamp":"2025-11-18 22:36:17"}
{"level":"info","message":"Database connection has been established successfully.","service":"daodao-backend","timestamp":"2025-11-18 22:36:40"}
{"level":"info","message":"Database models initialized successfully.","service":"daodao-backend","timestamp":"2025-11-18 22:36:40"}
{"level":"info","message":"Database connected","service":"daodao-backend","timestamp":"2025-11-18 22:36:40"}
{"level":"info","message":"Admin user already exists, skipping seed","service":"daodao-backend","timestamp":"2025-11-18 22:36:40"}
{"ip":"::1","level":"info","message":"POST /auth/login","service":"daodao-backend","timestamp":"2025-11-18 22:37:02","userAgent":"Mozilla/5.0 (Windows NT; Windows NT 10.0; zh-CN) WindowsPowerShell/5.1.26100.1591"}
{"level":"info","message":"Database connection has been established successfully.","service":"daodao-backend","timestamp":"2025-11-18 22:41:11"}
{"level":"info","message":"Database models initialized successfully.","service":"daodao-backend","timestamp":"2025-11-18 22:41:11"}
{"level":"info","message":"Database connected successfully","service":"daodao-backend","timestamp":"2025-11-18 22:41:11"}
{"level":"info","message":"Redis client connected","service":"daodao-backend","timestamp":"2025-11-18 22:41:11"}
{"level":"info","message":"Redis client ready","service":"daodao-backend","timestamp":"2025-11-18 22:41:11"}
{"level":"info","message":"Database connection has been established successfully.","service":"daodao-backend","timestamp":"2025-11-18 22:43:29"}
{"level":"info","message":"Database models initialized successfully.","service":"daodao-backend","timestamp":"2025-11-18 22:43:29"}
{"level":"info","message":"Database connected successfully","service":"daodao-backend","timestamp":"2025-11-18 22:43:29"}
{"level":"info","message":"Redis client connected","service":"daodao-backend","timestamp":"2025-11-18 22:43:29"}
{"level":"info","message":"Redis client ready","service":"daodao-backend","timestamp":"2025-11-18 22:43:29"}
{"level":"info","message":"Redis connected successfully","service":"daodao-backend","timestamp":"2025-11-18 22:43:29"}
{"level":"info","message":"Server is running on port 3000 in development mode","service":"daodao-backend","timestamp":"2025-11-18 22:43:29"}
{"ip":"::1","level":"info","message":"POST /auth/login","service":"daodao-backend","timestamp":"2025-11-18 22:44:18","userAgent":"Mozilla/5.0 (Windows NT; Windows NT 10.0; zh-CN) WindowsPowerShell/5.1.26100.1591"}
{"level":"info","message":"Database connection has been established successfully.","service":"daodao-backend","timestamp":"2025-11-18 22:45:06"}
{"level":"info","message":"Database connection has been established successfully.","service":"daodao-backend","timestamp":"2025-11-18 22:45:06"}
{"level":"info","message":"Database models initialized successfully.","service":"daodao-backend","timestamp":"2025-11-18 22:45:06"}
{"level":"info","message":"Database connected successfully","service":"daodao-backend","timestamp":"2025-11-18 22:45:06"}
{"level":"info","message":"Redis client connected","service":"daodao-backend","timestamp":"2025-11-18 22:45:06"}
{"level":"info","message":"Redis client ready","service":"daodao-backend","timestamp":"2025-11-18 22:45:06"}
{"level":"info","message":"Redis connected successfully","service":"daodao-backend","timestamp":"2025-11-18 22:45:06"}
{"level":"info","message":"Server is running on port 3000 in development mode","service":"daodao-backend","timestamp":"2025-11-18 22:45:06"}
{"level":"info","message":"Database models initialized successfully.","service":"daodao-backend","timestamp":"2025-11-18 22:45:06"}
{"level":"info","message":"Database connected successfully","service":"daodao-backend","timestamp":"2025-11-18 22:45:06"}
{"level":"info","message":"Redis client connected","service":"daodao-backend","timestamp":"2025-11-18 22:45:06"}
{"level":"info","message":"Redis client ready","service":"daodao-backend","timestamp":"2025-11-18 22:45:06"}
{"level":"info","message":"Database connection has been established successfully.","service":"daodao-backend","timestamp":"2025-11-18 22:45:06"}
{"level":"info","message":"Database connection has been established successfully.","service":"daodao-backend","timestamp":"2025-11-18 22:45:06"}
{"level":"info","message":"Database models initialized successfully.","service":"daodao-backend","timestamp":"2025-11-18 22:45:06"}
{"level":"info","message":"Database connected successfully","service":"daodao-backend","timestamp":"2025-11-18 22:45:06"}
{"level":"info","message":"Redis client connected","service":"daodao-backend","timestamp":"2025-11-18 22:45:06"}
{"level":"info","message":"Redis client ready","service":"daodao-backend","timestamp":"2025-11-18 22:45:06"}
{"level":"info","message":"Database models initialized successfully.","service":"daodao-backend","timestamp":"2025-11-18 22:45:06"}
{"level":"info","message":"Database connected successfully","service":"daodao-backend","timestamp":"2025-11-18 22:45:06"}
{"level":"info","message":"Redis client connected","service":"daodao-backend","timestamp":"2025-11-18 22:45:06"}
{"level":"info","message":"Redis client ready","service":"daodao-backend","timestamp":"2025-11-18 22:45:06"}
{"level":"info","message":"Database connection has been established successfully.","service":"daodao-backend","timestamp":"2025-11-18 22:45:06"}
{"level":"info","message":"Database models initialized successfully.","service":"daodao-backend","timestamp":"2025-11-18 22:45:06"}
{"level":"info","message":"Database connected successfully","service":"daodao-backend","timestamp":"2025-11-18 22:45:06"}
{"level":"info","message":"Redis client connected","service":"daodao-backend","timestamp":"2025-11-18 22:45:06"}
{"level":"info","message":"Redis client ready","service":"daodao-backend","timestamp":"2025-11-18 22:45:06"}
{"ip":"::1","level":"info","message":"POST /auth/login","service":"daodao-backend","timestamp":"2025-11-18 22:45:17","userAgent":"Mozilla/5.0 (Windows NT; Windows NT 10.0; zh-CN) WindowsPowerShell/5.1.26100.1591"}
{"level":"info","message":"Database connection has been established successfully.","service":"daodao-backend","timestamp":"2025-11-18 22:47:25"}
{"level":"info","message":"Database models initialized successfully.","service":"daodao-backend","timestamp":"2025-11-18 22:47:25"}
{"level":"info","message":"Database connected successfully","service":"daodao-backend","timestamp":"2025-11-18 22:47:25"}
{"level":"info","message":"Database connection has been established successfully.","service":"daodao-backend","timestamp":"2025-11-18 22:47:25"}
{"level":"info","message":"Redis client connected","service":"daodao-backend","timestamp":"2025-11-18 22:47:25"}
{"level":"info","message":"Redis client ready","service":"daodao-backend","timestamp":"2025-11-18 22:47:25"}
{"level":"info","message":"Redis connected successfully","service":"daodao-backend","timestamp":"2025-11-18 22:47:25"}
{"level":"info","message":"Server is running on port 3000 in development mode","service":"daodao-backend","timestamp":"2025-11-18 22:47:25"}
{"level":"info","message":"Database models initialized successfully.","service":"daodao-backend","timestamp":"2025-11-18 22:47:25"}
{"level":"info","message":"Database connected successfully","service":"daodao-backend","timestamp":"2025-11-18 22:47:25"}
{"level":"info","message":"Redis client connected","service":"daodao-backend","timestamp":"2025-11-18 22:47:25"}
{"level":"info","message":"Redis client ready","service":"daodao-backend","timestamp":"2025-11-18 22:47:25"}
{"level":"info","message":"Database connection has been established successfully.","service":"daodao-backend","timestamp":"2025-11-18 22:47:25"}
{"level":"info","message":"Database models initialized successfully.","service":"daodao-backend","timestamp":"2025-11-18 22:47:25"}
{"level":"info","message":"Database connected successfully","service":"daodao-backend","timestamp":"2025-11-18 22:47:25"}
{"level":"info","message":"Redis client connected","service":"daodao-backend","timestamp":"2025-11-18 22:47:25"}
{"level":"info","message":"Redis client ready","service":"daodao-backend","timestamp":"2025-11-18 22:47:25"}
{"level":"info","message":"Database connection has been established successfully.","service":"daodao-backend","timestamp":"2025-11-18 22:47:25"}
{"level":"info","message":"Database models initialized successfully.","service":"daodao-backend","timestamp":"2025-11-18 22:47:25"}
{"level":"info","message":"Database connected successfully","service":"daodao-backend","timestamp":"2025-11-18 22:47:25"}
{"level":"info","message":"Redis client connected","service":"daodao-backend","timestamp":"2025-11-18 22:47:25"}
{"level":"info","message":"Redis client ready","service":"daodao-backend","timestamp":"2025-11-18 22:47:25"}
{"level":"info","message":"Database connection has been established successfully.","service":"daodao-backend","timestamp":"2025-11-18 22:47:25"}
{"level":"info","message":"Database models initialized successfully.","service":"daodao-backend","timestamp":"2025-11-18 22:47:25"}
{"level":"info","message":"Database connected successfully","service":"daodao-backend","timestamp":"2025-11-18 22:47:25"}
{"level":"info","message":"Redis client connected","service":"daodao-backend","timestamp":"2025-11-18 22:47:25"}
{"level":"info","message":"Redis client ready","service":"daodao-backend","timestamp":"2025-11-18 22:47:25"}
{"level":"info","message":"Connecting to database...","service":"daodao-backend","timestamp":"2025-11-18 22:47:31"}
{"level":"info","message":"Database connection has been established successfully.","service":"daodao-backend","timestamp":"2025-11-18 22:47:31"}
{"level":"info","message":"Database models initialized successfully.","service":"daodao-backend","timestamp":"2025-11-18 22:47:31"}
{"level":"info","message":"Database connected.","service":"daodao-backend","timestamp":"2025-11-18 22:47:31"}
{"level":"info","message":"Finding user with phone: 13800138000","service":"daodao-backend","timestamp":"2025-11-18 22:47:31"}
{"level":"info","message":"User found. Hashing new password...","service":"daodao-backend","timestamp":"2025-11-18 22:47:31"}
{"level":"info","message":"New password hash: $2a$10$hIJqmY8BbCY2XXfgrV6uNehVforzT01J6pDhS5YJxCiyFFgMv1u2K","service":"daodao-backend","timestamp":"2025-11-18 22:47:31"}
{"level":"info","message":"Updating user password...","service":"daodao-backend","timestamp":"2025-11-18 22:47:31"}
{"id":1,"level":"info","message":"Password reset successfully for user:","service":"daodao-backend","timestamp":"2025-11-18 22:47:31"}
{"level":"info","message":"Database connection has been established successfully.","service":"daodao-backend","timestamp":"2025-11-18 22:47:51"}
{"level":"info","message":"Database models initialized successfully.","service":"daodao-backend","timestamp":"2025-11-18 22:47:51"}
{"level":"info","message":"Database connected successfully","service":"daodao-backend","timestamp":"2025-11-18 22:47:51"}
{"level":"info","message":"Redis client connected","service":"daodao-backend","timestamp":"2025-11-18 22:47:51"}
{"level":"info","message":"Redis client ready","service":"daodao-backend","timestamp":"2025-11-18 22:47:51"}
{"level":"info","message":"Database connection has been established successfully.","service":"daodao-backend","timestamp":"2025-11-18 22:49:00"}
{"level":"info","message":"Database models initialized successfully.","service":"daodao-backend","timestamp":"2025-11-18 22:49:00"}
{"level":"info","message":"Database connected successfully","service":"daodao-backend","timestamp":"2025-11-18 22:49:00"}
{"level":"info","message":"Redis client connected","service":"daodao-backend","timestamp":"2025-11-18 22:49:00"}
{"level":"info","message":"Redis client ready","service":"daodao-backend","timestamp":"2025-11-18 22:49:00"}
{"level":"info","message":"Redis connected successfully","service":"daodao-backend","timestamp":"2025-11-18 22:49:00"}
{"level":"info","message":"Server is running on port 3000 in development mode","service":"daodao-backend","timestamp":"2025-11-18 22:49:00"}
{"ip":"::1","level":"info","message":"POST /auth/login","service":"daodao-backend","timestamp":"2025-11-18 22:49:43","userAgent":"Mozilla/5.0 (Windows NT; Windows NT 10.0; zh-CN) WindowsPowerShell/5.1.26100.1591"}
{"ip":"::1","level":"info","message":"POST /auth/login","service":"daodao-backend","timestamp":"2025-11-18 22:50:01","userAgent":"Mozilla/5.0 (Windows NT; Windows NT 10.0; zh-CN) WindowsPowerShell/5.1.26100.1591"}
{"ip":"::1","level":"info","message":"POST /auth/login","service":"daodao-backend","timestamp":"2025-11-19 10:34:28","userAgent":"Mozilla/5.0 (Windows NT; Windows NT 10.0; zh-CN) WindowsPowerShell/5.1.26100.1591"}
{"ip":"::1","level":"info","message":"GET /users","service":"daodao-backend","timestamp":"2025-11-19 10:35:02","userAgent":"Mozilla/5.0 (Windows NT; Windows NT 10.0; zh-CN) WindowsPowerShell/5.1.26100.1591"}
{"ip":"::1","level":"info","message":"POST /auth/login","service":"daodao-backend","timestamp":"2025-11-19 10:35:20","userAgent":"Mozilla/5.0 (Windows NT; Windows NT 10.0; zh-CN) WindowsPowerShell/5.1.26100.1591"}
{"ip":"::1","level":"info","message":"GET /users","service":"daodao-backend","timestamp":"2025-11-19 10:35:20","userAgent":"Mozilla/5.0 (Windows NT; Windows NT 10.0; zh-CN) WindowsPowerShell/5.1.26100.1591"}
{"ip":"::1","level":"info","message":"POST /auth/login","service":"daodao-backend","timestamp":"2025-11-19 10:37:26","userAgent":"Mozilla/5.0 (Windows NT 10.0; Win64; x64) AppleWebKit/537.36 (KHTML, like Gecko) Chrome/142.0.0.0 Safari/537.36"}
{"ip":"::1","level":"info","message":"GET /users/profile","service":"daodao-backend","timestamp":"2025-11-19 10:37:28","userAgent":"Mozilla/5.0 (Windows NT 10.0; Win64; x64) AppleWebKit/537.36 (KHTML, like Gecko) Chrome/142.0.0.0 Safari/537.36"}
{"ip":"::1","level":"info","message":"GET /users","service":"daodao-backend","timestamp":"2025-11-19 10:37:51","userAgent":"Mozilla/5.0 (Windows NT 10.0; Win64; x64) AppleWebKit/537.36 (KHTML, like Gecko) Chrome/142.0.0.0 Safari/537.36"}
{"ip":"::1","level":"info","message":"GET /users","service":"daodao-backend","timestamp":"2025-11-19 10:37:57","userAgent":"Mozilla/5.0 (Windows NT 10.0; Win64; x64) AppleWebKit/537.36 (KHTML, like Gecko) Chrome/142.0.0.0 Safari/537.36"}
{"ip":"::1","level":"info","message":"POST /auth/login","service":"daodao-backend","timestamp":"2025-11-19 10:38:22","userAgent":"Mozilla/5.0 (Windows NT 10.0; Win64; x64) AppleWebKit/537.36 (KHTML, like Gecko) Chrome/142.0.0.0 Safari/537.36"}
{"ip":"::1","level":"info","message":"GET /users/profile","service":"daodao-backend","timestamp":"2025-11-19 10:38:23","userAgent":"Mozilla/5.0 (Windows NT 10.0; Win64; x64) AppleWebKit/537.36 (KHTML, like Gecko) Chrome/142.0.0.0 Safari/537.36"}
{"ip":"::1","level":"info","message":"POST /auth/logout","service":"daodao-backend","timestamp":"2025-11-19 10:38:45","userAgent":"Mozilla/5.0 (Windows NT 10.0; Win64; x64) AppleWebKit/537.36 (KHTML, like Gecko) Chrome/142.0.0.0 Safari/537.36"}
{"ip":"::1","level":"info","message":"POST /auth/login","service":"daodao-backend","timestamp":"2025-11-19 10:40:56","userAgent":"Mozilla/5.0 (Windows NT; Windows NT 10.0; zh-CN) WindowsPowerShell/5.1.26100.1591"}
{"ip":"::1","level":"info","message":"GET /users","service":"daodao-backend","timestamp":"2025-11-19 10:40:57","userAgent":"Mozilla/5.0 (Windows NT; Windows NT 10.0; zh-CN) WindowsPowerShell/5.1.26100.1591"}
{"ip":"::1","level":"info","message":"POST /auth/login","service":"daodao-backend","timestamp":"2025-11-19 10:53:54","userAgent":"Mozilla/5.0 (Windows NT; Windows NT 10.0; zh-CN) WindowsPowerShell/5.1.26100.1591"}
{"ip":"::1","level":"info","message":"POST /auth/login","service":"daodao-backend","timestamp":"2025-11-19 10:55:45","userAgent":"Mozilla/5.0 (Windows NT; Windows NT 10.0; zh-CN) WindowsPowerShell/5.1.26100.1591"}
{"ip":"::1","level":"info","message":"POST /auth/login","service":"daodao-backend","timestamp":"2025-11-19 10:56:07","userAgent":"Mozilla/5.0 (Windows NT; Windows NT 10.0; zh-CN) WindowsPowerShell/5.1.26100.1591"}
{"ip":"::1","level":"info","message":"GET /users","service":"daodao-backend","timestamp":"2025-11-19 10:56:07","userAgent":"Mozilla/5.0 (Windows NT; Windows NT 10.0; zh-CN) WindowsPowerShell/5.1.26100.1591"}
{"ip":"::1","level":"info","message":"POST /auth/login","service":"daodao-backend","timestamp":"2025-11-19 10:57:14","userAgent":"Mozilla/5.0 (Windows NT; Windows NT 10.0; zh-CN) WindowsPowerShell/5.1.26100.1591"}
{"ip":"::1","level":"info","message":"GET /users","service":"daodao-backend","timestamp":"2025-11-19 10:57:37","userAgent":"Mozilla/5.0 (Windows NT; Windows NT 10.0; zh-CN) WindowsPowerShell/5.1.26100.1591"}
{"ip":"::1","level":"info","message":"POST /auth/login","service":"daodao-backend","timestamp":"2025-11-19 11:01:41","userAgent":"Mozilla/5.0 (Windows NT; Windows NT 10.0; zh-CN) WindowsPowerShell/5.1.26100.1591"}
{"level":"info","message":"Database connection has been established successfully.","service":"daodao-backend","timestamp":"2025-11-19 11:10:20"}
{"level":"info","message":"Database connection has been established successfully.","service":"daodao-backend","timestamp":"2025-11-19 11:10:20"}
{"level":"info","message":"Database connection has been established successfully.","service":"daodao-backend","timestamp":"2025-11-19 11:10:20"}
{"level":"info","message":"Database connection has been established successfully.","service":"daodao-backend","timestamp":"2025-11-19 11:10:20"}
{"level":"info","message":"Database models initialized successfully.","service":"daodao-backend","timestamp":"2025-11-19 11:10:20"}
{"level":"info","message":"Database connected successfully","service":"daodao-backend","timestamp":"2025-11-19 11:10:20"}
{"level":"info","message":"Redis client connected","service":"daodao-backend","timestamp":"2025-11-19 11:10:20"}
{"level":"info","message":"Database models initialized successfully.","service":"daodao-backend","timestamp":"2025-11-19 11:10:20"}
{"level":"info","message":"Database connected successfully","service":"daodao-backend","timestamp":"2025-11-19 11:10:20"}
{"level":"info","message":"Database models initialized successfully.","service":"daodao-backend","timestamp":"2025-11-19 11:10:20"}
{"level":"info","message":"Database connected successfully","service":"daodao-backend","timestamp":"2025-11-19 11:10:20"}
{"level":"info","message":"Redis client connected","service":"daodao-backend","timestamp":"2025-11-19 11:10:20"}
{"level":"info","message":"Redis client connected","service":"daodao-backend","timestamp":"2025-11-19 11:10:20"}
{"level":"info","message":"Database models initialized successfully.","service":"daodao-backend","timestamp":"2025-11-19 11:10:20"}
{"level":"info","message":"Database connected successfully","service":"daodao-backend","timestamp":"2025-11-19 11:10:20"}
{"level":"info","message":"Redis client connected","service":"daodao-backend","timestamp":"2025-11-19 11:10:20"}
{"level":"info","message":"Redis client ready","service":"daodao-backend","timestamp":"2025-11-19 11:10:20"}
{"level":"info","message":"Redis client ready","service":"daodao-backend","timestamp":"2025-11-19 11:10:20"}
{"level":"info","message":"Redis client ready","service":"daodao-backend","timestamp":"2025-11-19 11:10:20"}
{"level":"info","message":"Redis client ready","service":"daodao-backend","timestamp":"2025-11-19 11:10:20"}
{"level":"info","message":"Redis connected successfully","service":"daodao-backend","timestamp":"2025-11-19 11:10:20"}
{"level":"info","message":"Server is running on port 3000 in development mode","service":"daodao-backend","timestamp":"2025-11-19 11:10:20"}
{"level":"info","message":"Database connection has been established successfully.","service":"daodao-backend","timestamp":"2025-11-19 11:10:20"}
{"level":"info","message":"Database models initialized successfully.","service":"daodao-backend","timestamp":"2025-11-19 11:10:20"}
{"level":"info","message":"Database connected successfully","service":"daodao-backend","timestamp":"2025-11-19 11:10:20"}
{"level":"info","message":"Redis client connected","service":"daodao-backend","timestamp":"2025-11-19 11:10:20"}
{"level":"info","message":"Redis client ready","service":"daodao-backend","timestamp":"2025-11-19 11:10:20"}
{"level":"info","message":"Database connection has been established successfully.","service":"daodao-backend","timestamp":"2025-11-19 11:10:21"}
{"level":"info","message":"Database models initialized successfully.","service":"daodao-backend","timestamp":"2025-11-19 11:10:21"}
{"level":"info","message":"Database connected successfully","service":"daodao-backend","timestamp":"2025-11-19 11:10:21"}
{"level":"info","message":"Redis client connected","service":"daodao-backend","timestamp":"2025-11-19 11:10:21"}
{"level":"info","message":"Redis client ready","service":"daodao-backend","timestamp":"2025-11-19 11:10:21"}
{"level":"info","message":"Database connection has been established successfully.","service":"daodao-backend","timestamp":"2025-11-19 11:10:53"}
{"level":"info","message":"Database models initialized successfully.","service":"daodao-backend","timestamp":"2025-11-19 11:10:53"}
{"level":"info","message":"Database connected successfully","service":"daodao-backend","timestamp":"2025-11-19 11:10:53"}
{"level":"info","message":"Redis client connected","service":"daodao-backend","timestamp":"2025-11-19 11:10:53"}
{"level":"info","message":"Redis client ready","service":"daodao-backend","timestamp":"2025-11-19 11:10:53"}
{"level":"info","message":"Database connection has been established successfully.","service":"daodao-backend","timestamp":"2025-11-19 11:13:40"}
{"level":"info","message":"Database models initialized successfully.","service":"daodao-backend","timestamp":"2025-11-19 11:13:40"}
{"level":"info","message":"Database connected successfully","service":"daodao-backend","timestamp":"2025-11-19 11:13:40"}
{"level":"info","message":"Redis client connected","service":"daodao-backend","timestamp":"2025-11-19 11:13:40"}
{"level":"info","message":"Redis client ready","service":"daodao-backend","timestamp":"2025-11-19 11:13:40"}
{"level":"info","message":"Redis connected successfully","service":"daodao-backend","timestamp":"2025-11-19 11:13:40"}
{"level":"info","message":"Server is running on port 3000 in development mode","service":"daodao-backend","timestamp":"2025-11-19 11:13:40"}
{"ip":"::1","level":"info","message":"POST /auth/login","service":"daodao-backend","timestamp":"2025-11-19 11:14:40","userAgent":"Mozilla/5.0 (Windows NT; Windows NT 10.0; zh-CN) WindowsPowerShell/5.1.26100.1591"}
{"ip":"::1","level":"info","message":"POST /auth/login","service":"daodao-backend","timestamp":"2025-11-19 11:22:46","userAgent":"Mozilla/5.0 (Windows NT 10.0; Win64; x64) AppleWebKit/537.36 (KHTML, like Gecko) Chrome/142.0.0.0 Safari/537.36"}
{"ip":"::1","level":"info","message":"POST /auth/login","service":"daodao-backend","timestamp":"2025-11-19 11:23:12","userAgent":"Mozilla/5.0 (Windows NT 10.0; Win64; x64) AppleWebKit/537.36 (KHTML, like Gecko) Chrome/142.0.0.0 Safari/537.36"}
{"ip":"::1","level":"info","message":"POST /auth/login","service":"daodao-backend","timestamp":"2025-11-19 11:28:55","userAgent":"Mozilla/5.0 (Windows NT 10.0; Win64; x64) AppleWebKit/537.36 (KHTML, like Gecko) Chrome/142.0.0.0 Safari/537.36"}
